Arguments: 
  /usr/local/bin/node /usr/local/bin/yarn add @/components/Avatar --silent --no-progress

PATH: 
  /Users/phillzou/phantomjs/bin:/Users/phillzou/code_workspace/flutter/flutter/bin:/usr/local/bin:/usr/bin:/bin:/usr/sbin:/sbin:/Library/Apple/usr/bin:/Users/phillzou/Downloads/android-sdk-macosx/tools:/Users/phillzou/Downloads/android-sdk-macosx/platform-tools:/Users/phillzou/software/maven/bin

Yarn version: 
  1.17.3

Node version: 
  10.16.3

Platform: 
  darwin x64

Trace: 
  Error: https://registry.npm.taobao.org/@%2fcomponents/Avatar: Not found
      at Request.params.callback [as _callback] (/usr/local/lib/node_modules/yarn/lib/cli.js:66830:18)
      at Request.self.callback (/usr/local/lib/node_modules/yarn/lib/cli.js:140464:22)
      at Request.emit (events.js:198:13)
      at Request.<anonymous> (/usr/local/lib/node_modules/yarn/lib/cli.js:141436:10)
      at Request.emit (events.js:198:13)
      at IncomingMessage.<anonymous> (/usr/local/lib/node_modules/yarn/lib/cli.js:141358:12)
      at Object.onceWrapper (events.js:286:20)
      at IncomingMessage.emit (events.js:203:15)
      at endReadableNT (_stream_readable.js:1145:12)
      at process._tickCallback (internal/process/next_tick.js:63:19)

npm manifest: 
  {
    "name": "classmate-map",
    "version": "1.0.0",
    "private": true,
    "description": "班级同学毕业去向地图展示",
    "templateInfo": {
      "name": "wxcloud",
      "typescript": true,
      "css": "sass"
    },
    "scripts": {
      "build:weapp": "taro build --type weapp",
      "build:swan": "taro build --type swan",
      "build:alipay": "taro build --type alipay",
      "build:tt": "taro build --type tt",
      "build:h5": "taro build --type h5",
      "build:rn": "taro build --type rn",
      "build:qq": "taro build --type qq",
      "build:quickapp": "taro build --type quickapp",
      "dev:weapp": "npm run build:weapp -- --watch",
      "dev:swan": "npm run build:swan -- --watch",
      "dev:alipay": "npm run build:alipay -- --watch",
      "dev:tt": "npm run build:tt -- --watch",
      "dev:h5": "npm run build:h5 -- --watch",
      "dev:rn": "npm run build:rn -- --watch",
      "dev:qq": "npm run build:qq -- --watch",
      "dev:quickapp": "npm run build:quickapp -- --watch"
    },
    "author": "",
    "license": "MIT",
    "dependencies": {
      "@tarojs/components": "2.2.9",
      "@tarojs/components-qa": "2.2.9",
      "@tarojs/router": "2.2.9",
      "@tarojs/taro": "2.2.9",
      "@tarojs/taro-alipay": "2.2.9",
      "@tarojs/taro-h5": "2.2.9",
      "@tarojs/taro-qq": "2.2.9",
      "@tarojs/taro-quickapp": "2.2.9",
      "@tarojs/taro-swan": "2.2.9",
      "@tarojs/taro-tt": "2.2.9",
      "@tarojs/taro-weapp": "2.2.9",
      "babel-runtime": "^6.26.0",
      "nerv-devtools": "^1.5.5",
      "nervjs": "^1.5.5",
      "regenerator-runtime": "0.11.1",
      "taro-navigationbar": "^2.1.1",
      "taro-ui": "^2.3.4"
    },
    "devDependencies": {
      "@types/react": "^16.4.6",
      "@types/webpack-env": "^1.13.6",
      "@tarojs/mini-runner": "2.2.9",
      "@tarojs/plugin-sass": "2.2.9",
      "@tarojs/plugin-terser": "2.2.9",
      "@tarojs/webpack-runner": "2.2.9",
      "babel-plugin-transform-class-properties": "^6.24.1",
      "babel-plugin-transform-decorators-legacy": "^1.3.4",
      "babel-plugin-transform-jsx-stylesheet": "^0.6.5",
      "babel-plugin-transform-object-rest-spread": "^6.26.0",
      "babel-plugin-transform-runtime": "^6.23.0",
      "babel-preset-env": "^1.6.1",
      "babel-eslint": "^8.2.3",
      "eslint": "^4.19.1",
      "eslint-config-taro": "2.2.9",
      "eslint-plugin-react": "^7.8.2",
      "eslint-plugin-react-hooks": "^1.6.1",
      "eslint-plugin-import": "^2.12.0",
      "eslint-plugin-taro": "2.2.9",
      "@typescript-eslint/eslint-plugin": "^2.13.0",
      "@typescript-eslint/parser": "^2.13.0",
      "typescript": "^3.0.1"
    }
  }

yarn manifest: 
  No manifest

Lockfile: 
  No lockfile
